<?xml version="1.0" ?>
<!DOCTYPE coverage SYSTEM "http://cobertura.sourceforge.net/xml/coverage-04.dtd">
<coverage lines-valid="25" lines-covered="24" line-rate="0.96" branches-valid="18" branches-covered="14" branch-rate="0.7777" timestamp="1761506324774" complexity="0" version="0.1">
  <sources>
    <source>C:\Users\salvi\Desktop\tp5-noviilox2diaz\server</source>
  </sources>
  <packages>
    <package name="main" line-rate="0.96" branch-rate="0.7777">
      <classes>
        <class name="app.js" filename="app.js" line-rate="0.9444" branch-rate="0.7">
          <methods>
            <method name="(anonymous_0)" hits="3" signature="()V">
              <lines>
                <line number="15" hits="3"/>
              </lines>
            </method>
            <method name="(anonymous_1)" hits="0" signature="()V">
              <lines>
                <line number="22" hits="0"/>
              </lines>
            </method>
            <method name="(anonymous_2)" hits="1" signature="()V">
              <lines>
                <line number="25" hits="1"/>
              </lines>
            </method>
            <method name="(anonymous_3)" hits="2" signature="()V">
              <lines>
                <line number="31" hits="2"/>
              </lines>
            </method>
          </methods>
          <lines>
            <line number="5" hits="1" branch="false"/>
            <line number="6" hits="1" branch="false"/>
            <line number="8" hits="1" branch="false"/>
            <line number="14" hits="1" branch="false"/>
            <line number="16" hits="3" branch="true" condition-coverage="50% (2/4)"/>
            <line number="17" hits="0" branch="false"/>
            <line number="22" hits="1" branch="false"/>
            <line number="25" hits="1" branch="false"/>
            <line number="26" hits="1" branch="false"/>
            <line number="27" hits="1" branch="false"/>
            <line number="28" hits="1" branch="false"/>
            <line number="31" hits="1" branch="false"/>
            <line number="32" hits="2" branch="true" condition-coverage="50% (1/2)"/>
            <line number="33" hits="2" branch="true" condition-coverage="100% (4/4)"/>
            <line number="34" hits="1" branch="false"/>
            <line number="36" hits="1" branch="false"/>
            <line number="37" hits="1" branch="false"/>
            <line number="41" hits="1" branch="false"/>
          </lines>
        </class>
        <class name="db.js" filename="db.js" line-rate="1" branch-rate="0.875">
          <methods>
            <method name="getDb" hits="4" signature="()V">
              <lines>
                <line number="7" hits="4"/>
              </lines>
            </method>
          </methods>
          <lines>
            <line number="8" hits="4" branch="true" condition-coverage="100% (2/2)"/>
            <line number="10" hits="2" branch="true" condition-coverage="100% (2/2)"/>
            <line number="11" hits="2" branch="true" condition-coverage="100% (2/2)"/>
            <line number="12" hits="2" branch="true" condition-coverage="50% (1/2)"/>
            <line number="14" hits="2" branch="false"/>
            <line number="19" hits="2" branch="false"/>
            <line number="27" hits="2" branch="false"/>
          </lines>
        </class>
      </classes>
    </package>
  </packages>
</coverage>
