TN:
SF:app.js
FN:15,(anonymous_0)
FN:22,(anonymous_1)
FN:25,(anonymous_2)
FN:31,(anonymous_3)
FNF:4
FNH:3
FNDA:3,(anonymous_0)
FNDA:0,(anonymous_1)
FNDA:1,(anonymous_2)
FNDA:2,(anonymous_3)
DA:5,1
DA:6,1
DA:8,1
DA:14,1
DA:16,3
DA:17,0
DA:22,1
DA:25,1
DA:26,1
DA:27,1
DA:28,1
DA:31,1
DA:32,2
DA:33,2
DA:34,1
DA:36,1
DA:37,1
DA:41,1
LF:18
LH:17
BRDA:16,0,0,3
BRDA:16,0,1,0
BRDA:16,1,0,3
BRDA:16,1,1,0
BRDA:32,2,0,2
BRDA:32,2,1,0
BRDA:33,3,0,1
BRDA:33,3,1,1
BRDA:33,4,0,2
BRDA:33,4,1,2
BRF:10
BRH:7
end_of_record
TN:
SF:db.js
FN:7,getDb
FNF:1
FNH:1
FNDA:4,getDb
DA:8,4
DA:10,2
DA:11,2
DA:12,2
DA:14,2
DA:19,2
DA:27,2
LF:7
LH:7
BRDA:8,0,0,2
BRDA:8,0,1,2
BRDA:10,1,0,2
BRDA:10,1,1,2
BRDA:11,2,0,2
BRDA:11,2,1,2
BRDA:12,3,0,2
BRDA:12,3,1,0
BRF:8
BRH:7
end_of_record
