<?xml version="1.0" encoding="UTF-8"?>
<coverage generated="1761506337590" clover="3.2.0">
  <project timestamp="1761506337590" name="All files">
    <metrics statements="9" coveredstatements="9" conditionals="5" coveredconditionals="5" methods="5" coveredmethods="4" elements="19" coveredelements="18" complexity="0" loc="9" ncloc="9" packages="2" files="2" classes="2"/>
    <package name="src">
      <metrics statements="4" coveredstatements="4" conditionals="5" coveredconditionals="5" methods="1" coveredmethods="1"/>
      <file name="api.js" path="C:\Users\salvi\Desktop\tp5-noviilox2diaz\client\src\api.js">
        <metrics statements="4" coveredstatements="4" conditionals="5" coveredconditionals="5" methods="1" coveredmethods="1"/>
        <line num="4" count="3" type="cond" truecount="3" falsecount="0"/>
        <line num="5" count="3" type="stmt"/>
        <line num="6" count="3" type="cond" truecount="2" falsecount="0"/>
        <line num="7" count="2" type="stmt"/>
      </file>
    </package>
    <package name="src.components">
      <metrics statements="5" coveredstatements="5" conditionals="0" coveredconditionals="0" methods="4" coveredmethods="3"/>
      <file name="ProductList.jsx" path="C:\Users\salvi\Desktop\tp5-noviilox2diaz\client\src\components\ProductList.jsx">
        <metrics statements="5" coveredstatements="5" conditionals="0" coveredconditionals="0" methods="4" coveredmethods="3"/>
        <line num="7" count="2" type="stmt"/>
        <line num="8" count="2" type="stmt"/>
        <line num="9" count="1" type="stmt"/>
        <line num="11" count="2" type="stmt"/>
        <line num="15" count="1" type="stmt"/>
      </file>
    </package>
  </project>
</coverage>
