{"C:\\Users\\salvi\\Desktop\\tp5-noviilox2diaz\\client\\src\\api.js": {"path":"C:\\Users\\salvi\\Desktop\\tp5-noviilox2diaz\\client\\src\\api.js","statementMap":{"0":{"start":{"line":4,"column":17},"end":{"line":4,"column":96}},"1":{"start":{"line":5,"column":16},"end":{"line":5,"column":51}},"2":{"start":{"line":6,"column":4},"end":{"line":6,"column":50}},"3":{"start":{"line":6,"column":17},"end":{"line":6,"column":50}},"4":{"start":{"line":7,"column":4},"end":{"line":7,"column":22}}},"fnMap":{"0":{"name":"getProducts","decl":{"start":{"line":3,"column":22},"end":{"line":3,"column":33}},"loc":{"start":{"line":3,"column":36},"end":{"line":8,"column":1}},"line":3}},"branchMap":{"0":{"loc":{"start":{"line":4,"column":17},"end":{"line":4,"column":96}},"type":"binary-expr","locations":[{"start":{"line":4,"column":17},"end":{"line":4,"column":52}},{"start":{"line":4,"column":56},"end":{"line":4,"column":90}},{"start":{"line":4,"column":94},"end":{"line":4,"column":96}}],"line":4},"1":{"loc":{"start":{"line":6,"column":4},"end":{"line":6,"column":50}},"type":"if","locations":[{"start":{"line":6,"column":4},"end":{"line":6,"column":50}},{"start":{},"end":{}}],"line":6}},"s":{"0":3,"1":3,"2":3,"3":1,"4":2},"f":{"0":3},"b":{"0":[3,3,3],"1":[1,2]},"_coverageSchema":"1a1c01bbd47fc00a2c39e90264f33305004495a9","hash":"7421cc21856b1ab644624f1b2672f3d12a66b1a0"}
,"C:\\Users\\salvi\\Desktop\\tp5-noviilox2diaz\\client\\src\\components\\ProductList.jsx": {"path":"C:\\Users\\salvi\\Desktop\\tp5-noviilox2diaz\\client\\src\\components\\ProductList.jsx","statementMap":{"0":{"start":{"line":7,"column":30},"end":{"line":7,"column":42}},"1":{"start":{"line":8,"column":4},"end":{"line":10,"column":11}},"2":{"start":{"line":9,"column":8},"end":{"line":9,"column":63}},"3":{"start":{"line":9,"column":49},"end":{"line":9,"column":61}},"4":{"start":{"line":11,"column":4},"end":{"line":18,"column":6}},"5":{"start":{"line":15,"column":32},"end":{"line":15,"column":73}}},"fnMap":{"0":{"name":"ProductList","decl":{"start":{"line":6,"column":24},"end":{"line":6,"column":35}},"loc":{"start":{"line":6,"column":38},"end":{"line":19,"column":1}},"line":6},"1":{"name":"(anonymous_1)","decl":{"start":{"line":8,"column":14},"end":{"line":8,"column":15}},"loc":{"start":{"line":8,"column":20},"end":{"line":10,"column":5}},"line":8},"2":{"name":"(anonymous_2)","decl":{"start":{"line":9,"column":43},"end":{"line":9,"column":44}},"loc":{"start":{"line":9,"column":49},"end":{"line":9,"column":61}},"line":9},"3":{"name":"(anonymous_3)","decl":{"start":{"line":15,"column":27},"end":{"line":15,"column":28}},"loc":{"start":{"line":15,"column":32},"end":{"line":15,"column":73}},"line":15}},"branchMap":{},"s":{"0":2,"1":2,"2":1,"3":0,"4":2,"5":1},"f":{"0":2,"1":1,"2":0,"3":1},"b":{},"_coverageSchema":"1a1c01bbd47fc00a2c39e90264f33305004495a9","hash":"26fe2edba2b6ac00683a515e312bd4fb48b3896f"}
}
